Release 14.7 - xst P.20131013 (nt)
Copyright (c) 1995-2013 Xilinx, Inc.  All rights reserved.
--> Parameter TMPDIR set to xst/projnav.tmp


Total REAL time to Xst completion: 0.00 secs
Total CPU time to Xst completion: 0.17 secs
 
--> Parameter xsthdpdir set to xst


Total REAL time to Xst completion: 0.00 secs
Total CPU time to Xst completion: 0.17 secs
 
--> Reading design: Fetch.prj

TABLE OF CONTENTS
  1) Synthesis Options Summary
  2) HDL Compilation
  3) Design Hierarchy Analysis
  4) HDL Analysis
  5) HDL Synthesis
     5.1) HDL Synthesis Report
  6) Advanced HDL Synthesis
     6.1) Advanced HDL Synthesis Report
  7) Low Level Synthesis
  8) Partition Report
  9) Final Report
	9.1) Device utilization summary
	9.2) Partition Resource Summary
	9.3) TIMING REPORT


=========================================================================
*                      Synthesis Options Summary                        *
=========================================================================
---- Source Parameters
Input File Name                    : "Fetch.prj"
Input Format                       : mixed
Ignore Synthesis Constraint File   : NO

---- Target Parameters
Output File Name                   : "Fetch"
Output Format                      : NGC
Target Device                      : xc3s500e-4-fg320

---- Source Options
Top Module Name                    : Fetch
Automatic FSM Extraction           : YES
FSM Encoding Algorithm             : Auto
Safe Implementation                : No
FSM Style                          : LUT
RAM Extraction                     : Yes
RAM Style                          : Auto
ROM Extraction                     : Yes
Mux Style                          : Auto
Decoder Extraction                 : YES
Priority Encoder Extraction        : Yes
Shift Register Extraction          : YES
Logical Shifter Extraction         : YES
XOR Collapsing                     : YES
ROM Style                          : Auto
Mux Extraction                     : Yes
Resource Sharing                   : YES
Asynchronous To Synchronous        : NO
Multiplier Style                   : Auto
Automatic Register Balancing       : No

---- Target Options
Add IO Buffers                     : YES
Global Maximum Fanout              : 500
Add Generic Clock Buffer(BUFG)     : 24
Register Duplication               : YES
Slice Packing                      : YES
Optimize Instantiated Primitives   : NO
Use Clock Enable                   : Yes
Use Synchronous Set                : Yes
Use Synchronous Reset              : Yes
Pack IO Registers into IOBs        : Auto
Equivalent register Removal        : YES

---- General Options
Optimization Goal                  : Speed
Optimization Effort                : 1
Keep Hierarchy                     : No
Netlist Hierarchy                  : As_Optimized
RTL Output                         : Yes
Global Optimization                : AllClockNets
Read Cores                         : YES
Write Timing Constraints           : NO
Cross Clock Analysis               : NO
Hierarchy Separator                : /
Bus Delimiter                      : <>
Case Specifier                     : Maintain
Slice Utilization Ratio            : 100
BRAM Utilization Ratio             : 100
Verilog 2001                       : YES
Auto BRAM Packing                  : NO
Slice Utilization Ratio Delta      : 5

---- Other Options
Cores Search Directories           : {"ipcore_dir"  }

=========================================================================


=========================================================================
*                          HDL Compilation                              *
=========================================================================
Compiling vhdl file "C:/Users/Fuck you Chris Souza/Desktop/ECE 368/Fetch/GP_register.vhd" in Library work.
Architecture behavioral of Entity gp_register is up to date.
Compiling vhdl file "C:/Users/Fuck you Chris Souza/Desktop/ECE 368/Fetch/Incrementer.vhd" in Library work.
Architecture behavioral of Entity incrementer is up to date.
Compiling vhdl file "C:/Users/Fuck you Chris Souza/Desktop/ECE 368/Fetch/ipcore_dir/Instruction_Memory.vhd" in Library work.
Architecture instruction_memory_a of Entity instruction_memory is up to date.
Compiling vhdl file "C:/Users/Fuck you Chris Souza/Desktop/ECE 368/Fetch/Fetch.vhd" in Library work.
Entity <fetch> compiled.
Entity <fetch> (Architecture <structural>) compiled.

=========================================================================
*                     Design Hierarchy Analysis                         *
=========================================================================
Analyzing hierarchy for entity <Fetch> in library <work> (architecture <structural>).

Analyzing hierarchy for entity <GP_register> in library <work> (architecture <Behavioral>) with generics.
	num_bits = 14

Analyzing hierarchy for entity <Incrementer> in library <work> (architecture <Behavioral>).

Analyzing hierarchy for entity <GP_register> in library <work> (architecture <Behavioral>) with generics.
	num_bits = 16


=========================================================================
*                            HDL Analysis                               *
=========================================================================
Analyzing Entity <Fetch> in library <work> (Architecture <structural>).
WARNING:Xst:2211 - "C:/Users/Fuck you Chris Souza/Desktop/ECE 368/Fetch/Fetch.vhd" line 59: Instantiating black box module <Instruction_Memory>.
Entity <Fetch> analyzed. Unit <Fetch> generated.

Analyzing generic Entity <GP_register.1> in library <work> (Architecture <Behavioral>).
	num_bits = 14
Entity <GP_register.1> analyzed. Unit <GP_register.1> generated.

Analyzing Entity <Incrementer> in library <work> (Architecture <Behavioral>).
Entity <Incrementer> analyzed. Unit <Incrementer> generated.

Analyzing generic Entity <GP_register.2> in library <work> (Architecture <Behavioral>).
	num_bits = 16
Entity <GP_register.2> analyzed. Unit <GP_register.2> generated.


=========================================================================
*                           HDL Synthesis                               *
=========================================================================

Performing bidirectional port resolution...

Synthesizing Unit <GP_register_1>.
    Related source file is "C:/Users/Fuck you Chris Souza/Desktop/ECE 368/Fetch/GP_register.vhd".
    Found 14-bit register for signal <Q>.
    Summary:
	inferred  14 D-type flip-flop(s).
Unit <GP_register_1> synthesized.


Synthesizing Unit <Incrementer>.
    Related source file is "C:/Users/Fuck you Chris Souza/Desktop/ECE 368/Fetch/Incrementer.vhd".
    Found 14-bit adder for signal <Q>.
    Summary:
	inferred   1 Adder/Subtractor(s).
Unit <Incrementer> synthesized.


Synthesizing Unit <GP_register_2>.
    Related source file is "C:/Users/Fuck you Chris Souza/Desktop/ECE 368/Fetch/GP_register.vhd".
    Found 16-bit register for signal <Q>.
    Summary:
	inferred  16 D-type flip-flop(s).
Unit <GP_register_2> synthesized.


Synthesizing Unit <Fetch>.
    Related source file is "C:/Users/Fuck you Chris Souza/Desktop/ECE 368/Fetch/Fetch.vhd".
Unit <Fetch> synthesized.


=========================================================================
HDL Synthesis Report

Macro Statistics
# Adders/Subtractors                                   : 1
 14-bit adder                                          : 1
# Registers                                            : 2
 14-bit register                                       : 1
 16-bit register                                       : 1

=========================================================================

=========================================================================
*                       Advanced HDL Synthesis                          *
=========================================================================

Reading core <ipcore_dir/Instruction_Memory.ngc>.
Loading core <Instruction_Memory> for timing and area information for instance <INSTR_MEM>.

=========================================================================
Advanced HDL Synthesis Report

Macro Statistics
# Adders/Subtractors                                   : 1
 14-bit adder                                          : 1
# Registers                                            : 30
 Flip-Flops                                            : 30

=========================================================================

=========================================================================
*                         Low Level Synthesis                           *
=========================================================================

Optimizing unit <Fetch> ...

Optimizing unit <GP_register_1> ...

Optimizing unit <GP_register_2> ...

Mapping all equations...
Building and optimizing final netlist ...
Found area constraint ratio of 100 (+ 5) on block Fetch, actual ratio is 0.

Final Macro Processing ...

=========================================================================
Final Register Report

Macro Statistics
# Registers                                            : 30
 Flip-Flops                                            : 30

=========================================================================

=========================================================================
*                           Partition Report                            *
=========================================================================

Partition Implementation Status
-------------------------------

  No Partitions were found in this design.

-------------------------------

=========================================================================
*                            Final Report                               *
=========================================================================
Final Results
RTL Top Level Output File Name     : Fetch.ngr
Top Level Output File Name         : Fetch
Output Format                      : NGC
Optimization Goal                  : Speed
Keep Hierarchy                     : No

Design Statistics
# IOs                              : 18

Cell Usage :
# BELS                             : 63
#      GND                         : 2
#      INV                         : 2
#      LUT1                        : 12
#      LUT3                        : 2
#      LUT4                        : 16
#      MUXCY                       : 13
#      VCC                         : 2
#      XORCY                       : 14
# FlipFlops/Latches                : 33
#      FDC_1                       : 30
#      FDE                         : 3
# RAMS                             : 10
#      RAMB16_S2_S2                : 8
#      RAMB16_S9_S9                : 2
# Clock Buffers                    : 1
#      BUFGP                       : 1
# IO Buffers                       : 17
#      IBUF                        : 1
#      OBUF                        : 16
=========================================================================

Device utilization summary:
---------------------------

Selected Device : 3s500efg320-4 

 Number of Slices:                       26  out of   4656     0%  
 Number of Slice Flip Flops:             33  out of   9312     0%  
 Number of 4 input LUTs:                 32  out of   9312     0%  
 Number of IOs:                          18
 Number of bonded IOBs:                  18  out of    232     7%  
 Number of BRAMs:                        10  out of     20    50%  
 Number of GCLKs:                         1  out of     24     4%  

---------------------------
Partition Resource Summary:
---------------------------

  No Partitions were found in this design.

---------------------------


=========================================================================
TIMING REPORT

NOTE: THESE TIMING NUMBERS ARE ONLY A SYNTHESIS ESTIMATE.
      FOR ACCURATE TIMING INFORMATION PLEASE REFER TO THE TRACE REPORT
      GENERATED AFTER PLACE-and-ROUTE.

Clock Information:
------------------
-----------------------------------+---------------------------------------------------------------------------------------------------------------------------------+-------+
Clock Signal                       | Clock buffer(FF name)                                                                                                           | Load  |
-----------------------------------+---------------------------------------------------------------------------------------------------------------------------------+-------+
CLK                                | BUFGP                                                                                                                           | 43    |
INSTR_MEM/N1                       | NONE(INSTR_MEM/U0/xst_blk_mem_generator/gnativebmg.native_blk_mem_gen/valid.cstr/ramloop[0].ram.r/s3_noinit.ram/dpram.dp2x2.ram)| 10    |
-----------------------------------+---------------------------------------------------------------------------------------------------------------------------------+-------+
INFO:Xst:2169 - HDL ADVISOR - Some clock signals were not automatically buffered by XST with BUFG/BUFR resources. Please use the buffer_type constraint in order to insert these buffers to the clock signals to help prevent skew problems.

Asynchronous Control Signals Information:
----------------------------------------
-----------------------------------+------------------------+-------+
Control Signal                     | Buffer(FF name)        | Load  |
-----------------------------------+------------------------+-------+
RST                                | IBUF                   | 30    |
-----------------------------------+------------------------+-------+

Timing Summary:
---------------
Speed Grade: -4

   Minimum period: 9.204ns (Maximum Frequency: 108.648MHz)
   Minimum input arrival time before clock: No path found
   Maximum output required time after clock: 4.283ns
   Maximum combinational path delay: No path found

Timing Detail:
--------------
All values displayed in nanoseconds (ns)

=========================================================================
Timing constraint: Default period analysis for Clock 'CLK'
  Clock period: 9.204ns (frequency: 108.648MHz)
  Total number of paths / destination ports: 344 / 169
-------------------------------------------------------------------------
Delay:               4.602ns (Levels of Logic = 3)
  Source:            INSTR_MEM/U0/xst_blk_mem_generator/gnativebmg.native_blk_mem_gen/valid.cstr/has_mux_a.A/sel_pipe_2 (FF)
  Destination:       INSTRUCTION/Q_15 (FF)
  Source Clock:      CLK rising
  Destination Clock: CLK falling

  Data Path: INSTR_MEM/U0/xst_blk_mem_generator/gnativebmg.native_blk_mem_gen/valid.cstr/has_mux_a.A/sel_pipe_2 to INSTRUCTION/Q_15
                                Gate     Net
    Cell:in->out      fanout   Delay   Delay  Logical Name (Net Name)
    ----------------------------------------  ------------
     FDE:C->Q             17   0.591   1.086  U0/xst_blk_mem_generator/gnativebmg.native_blk_mem_gen/valid.cstr/has_mux_a.A/sel_pipe_2 (U0/xst_blk_mem_generator/gnativebmg.native_blk_mem_gen/valid.cstr/has_mux_a.A/sel_pipe<2>)
     LUT3:I2->O           16   0.704   1.209  U0/xst_blk_mem_generator/gnativebmg.native_blk_mem_gen/valid.cstr/has_mux_a.A/Mmux_dout_mux171 (U0/xst_blk_mem_generator/gnativebmg.native_blk_mem_gen/valid.cstr/has_mux_a.A/Mmux_dout_mux17)
     LUT4:I0->O            1   0.704   0.000  U0/xst_blk_mem_generator/gnativebmg.native_blk_mem_gen/valid.cstr/has_mux_a.A/Mmux_dout_mux18 (douta<0>)
     end scope: 'INSTR_MEM'
     FDC_1:D                   0.308          INSTRUCTION/Q_0
    ----------------------------------------
    Total                      4.602ns (2.307ns logic, 2.295ns route)
                                       (50.1% logic, 49.9% route)

=========================================================================
Timing constraint: Default OFFSET OUT AFTER for Clock 'CLK'
  Total number of paths / destination ports: 16 / 16
-------------------------------------------------------------------------
Offset:              4.283ns (Levels of Logic = 1)
  Source:            INSTRUCTION/Q_11 (FF)
  Destination:       RA<3> (PAD)
  Source Clock:      CLK falling

  Data Path: INSTRUCTION/Q_11 to RA<3>
                                Gate     Net
    Cell:in->out      fanout   Delay   Delay  Logical Name (Net Name)
    ----------------------------------------  ------------
     FDC_1:C->Q            1   0.591   0.420  INSTRUCTION/Q_11 (INSTRUCTION/Q_11)
     OBUF:I->O                 3.272          RA_3_OBUF (RA<3>)
    ----------------------------------------
    Total                      4.283ns (3.863ns logic, 0.420ns route)
                                       (90.2% logic, 9.8% route)

=========================================================================


Total REAL time to Xst completion: 9.00 secs
Total CPU time to Xst completion: 8.92 secs
 
--> 

Total memory usage is 205260 kilobytes

Number of errors   :    0 (   0 filtered)
Number of warnings :    1 (   0 filtered)
Number of infos    :    1 (   0 filtered)

